TN:
SF:/home/runner/work/pcb2gcode/pcb2gcode/autoleveller.cpp
FN:52,_Z13silent_formatRKNSt7__cxx1112basic_stringIcSt11char_traitsIcESaIcEEE
FN:105,_Z15computeWorkareaRKSt6vectorISt4pairIdS_ISt10shared_ptrIS_IS0_IddESaIS2_EEESaIS5_EEESaIS8_EE
FN:350,_ZL5floorRKSt4pairIddE
FN:354,_Z17partition_segmentRKSt4pairIddES2_S2_S2_
FN:413,_GLOBAL__sub_I__ZN12autoleveller13callSubRepeatB5cxx11E
FNDA:4460,_ZN12autoleveller16interpolatePointB5cxx11ESt4pairIddE
FNDA:6707,_ZL5floorRKSt4pairIddE
FNDA:6319,_ZN12autoleveller13addChainPointB5cxx11ESt4pairIddE
FNDA:6325,_Z17partition_segmentRKSt4pairIddES2_S2_S2_
FNDA:64,_GLOBAL__sub_I__ZN12autoleveller13callSubRepeatB5cxx11E
FNDA:64,__tcf_2
FNDA:5,_Z15computeWorkareaRKSt6vectorISt4pairIdS_ISt10shared_ptrIS_IS0_IddESaIS2_EEESaIS5_EEESaIS8_EE
FNDA:5,_ZN12autolevellerC2ERKN5boost15program_options13variables_mapEP11uniqueCodesS6_ddN6Tiling8TileInfoE
FNDA:64,__tcf_3
FNDA:64,__tcf_0
FNDA:64,__tcf_1
FNDA:135,_ZN12autoleveller12g01CorrectedB5cxx11ESt4pairIddE
FNDA:5,_ZN12autoleveller10footerNoIfERSt14basic_ofstreamIcSt11char_traitsIcEE
FNDA:5,_ZN12autoleveller6headerERSt14basic_ofstreamIcSt11char_traitsIcEE
FNDA:64,_Z41__static_initialization_and_destruction_0ii
FNDA:18059,_ZN12autoleveller10getVarNameB5cxx11Eii
FNDA:5,_ZN12autoleveller15prepareWorkareaERKSt6vectorISt4pairIdS0_ISt10shared_ptrIS0_IS1_IddESaIS3_EEESaIS6_EEESaIS9_EE
FNDA:0,_Z13silent_formatRKNSt7__cxx1112basic_stringIcSt11char_traitsIcESaIcEEE
FNF:18
FNH:17
DA:43,192
DA:46,384
DA:48,576
DA:49,576
DA:50,576
DA:52,0
DA:54,2348
DA:55,2348
DA:56,0
DA:59,5
DA:61,5
DA:62,25
DA:63,25
DA:64,25
DA:65,20
DA:66,35
DA:67,20
DA:68,30
DA:69,25
DA:70,40
DA:71,40
DA:72,40
DA:73,35
DA:74,30
DA:75,20
DA:76,20
DA:77,25
DA:80,5
DA:81,5
DA:82,5
DA:91,5
DA:92,5
DA:93,245
DA:95,10
DA:96,10
DA:97,25
DA:98,5
DA:100,18059
DA:102,54177
DA:105,5
DA:108,26
DA:109,84
DA:110,60
DA:111,180
DA:115,5
DA:118,5
DA:123,5
DA:124,15
DA:125,15
DA:126,15
DA:127,15
DA:129,20
DA:130,5
DA:131,20
DA:132,5
DA:134,10
DA:135,10
DA:137,5
DA:138,10
DA:140,5
DA:141,10
DA:143,5
DA:144,5
DA:145,5
DA:147,15
DA:148,0
DA:149,0
DA:152,5
DA:154,5
DA:156,5
DA:161,5
DA:163,5
DA:164,3
DA:166,5
DA:168,15
DA:169,15
DA:173,0
DA:174,0
DA:176,15
DA:177,15
DA:178,25
DA:179,15
DA:180,5
DA:181,3
DA:182,5
DA:183,30
DA:184,5
DA:185,5
DA:186,10
DA:187,10
DA:188,5
DA:190,15
DA:191,15
DA:192,25
DA:193,10
DA:195,5
DA:197,9
DA:198,9
DA:199,9
DA:200,15
DA:201,18
DA:205,70
DA:209,34
DA:211,18
DA:212,18
DA:213,18
DA:216,16
DA:217,16
DA:218,16
DA:220,34
DA:221,2
DA:223,472
DA:224,876
DA:225,1314
DA:226,1533
DA:227,1314
DA:232,10
DA:233,15
DA:234,5
DA:235,3
DA:236,5
DA:237,15
DA:238,5
DA:239,6
DA:240,10
DA:241,5
DA:243,5
DA:245,5
DA:246,5
DA:247,10
DA:248,10
DA:250,5
DA:252,6
DA:253,3
DA:255,9
DA:256,9
DA:260,0
DA:261,0
DA:263,18
DA:264,18
DA:265,9
DA:266,9
DA:267,9
DA:268,9
DA:269,24
DA:271,24
DA:273,3
DA:274,3
DA:275,3
DA:276,18
DA:277,18
DA:278,6
DA:279,6
DA:280,9
DA:281,21
DA:282,18
DA:283,21
DA:284,15
DA:285,3
DA:286,15
DA:287,21
DA:288,18
DA:289,6
DA:290,6
DA:291,27
DA:292,18
DA:293,15
DA:294,27
DA:295,15
DA:296,18
DA:297,3
DA:299,5
DA:303,17840
DA:306,4460
DA:313,4460
DA:314,8920
DA:316,4460
DA:317,8920
DA:319,4460
DA:320,4460
DA:322,8920
DA:323,13380
DA:324,13380
DA:325,13380
DA:326,13380
DA:327,17840
DA:331,120726
DA:335,134140
DA:339,53656
DA:343,67070
DA:347,13414
DA:350,6707
DA:351,13414
DA:354,6325
DA:356,6325
DA:357,408
DA:359,6189
DA:360,0
DA:361,19603
DA:362,20121
DA:363,6707
DA:365,13414
DA:366,6707
DA:367,40242
DA:368,107312
DA:369,80484
DA:370,26828
DA:372,266
DA:374,26828
DA:376,263
DA:379,6707
DA:381,6189
DA:382,6189
DA:385,6319
DA:387,6319
DA:388,12638
DA:389,6319
DA:391,31595
DA:393,6319
DA:394,17639
DA:395,18304
DA:397,33930
DA:398,13110
DA:399,26220
DA:403,12638
DA:404,6319
DA:407,135
DA:409,135
DA:410,270
DA:412,540
DA:413,192
LF:231
LH:222
end_of_record
